<?xml version="1.0" encoding="UTF-8"?>
<!-- Generated by org.testng.reporters.JUnitReportReporter -->
<testsuite skipped="0" hostname="DESKTOP-7HJQV2M" name="com.crm.parameters.loginTest" tests="1" failures="0" timestamp="2022-03-23T14:24:27 IST" time="29.175" errors="0">
  <testcase name="login" time="29.175" classname="com.crm.parameters.loginTest"/>
  <system-out/>
</testsuite> <!-- com.crm.parameters.loginTest -->
